\BOOKMARK [0][-]{chapter*.2}{Tuesday, 16 February 2016}{}% 1
\BOOKMARK [1][-]{experiment.1.1}{DC Circuit Measurements}{chapter*.2}% 2
\BOOKMARK [2][-]{subexperiment.1.1.1}{Introduction}{experiment.1.1}% 3
\BOOKMARK [2][-]{subexperiment.1.1.2}{Procedure}{experiment.1.1}% 4
\BOOKMARK [2][-]{subexperiment.1.1.3}{Results}{experiment.1.1}% 5
\BOOKMARK [2][-]{subexperiment.1.1.4}{Summary}{experiment.1.1}% 6
\BOOKMARK [1][-]{experiment.1.2}{AC Circuit Measurement}{chapter*.2}% 7
\BOOKMARK [2][-]{subexperiment.1.2.1}{Introduction}{experiment.1.2}% 8
\BOOKMARK [2][-]{subexperiment.1.2.2}{Procedure}{experiment.1.2}% 9
\BOOKMARK [2][-]{subexperiment.1.2.3}{Results}{experiment.1.2}% 10
\BOOKMARK [2][-]{subexperiment.1.2.4}{Summary}{experiment.1.2}% 11
\BOOKMARK [0][-]{chapter*.3}{Thursday, 18 February 2016}{}% 12
\BOOKMARK [1][-]{experiment.2.1}{Basic Operational Amplifier Circuits - Introduction}{chapter*.3}% 13
\BOOKMARK [1][-]{experiment.2.2}{The Voltage Follower}{chapter*.3}% 14
\BOOKMARK [2][-]{subexperiment.2.2.1}{Procedure}{experiment.2.2}% 15
\BOOKMARK [2][-]{subexperiment.2.2.2}{Results}{experiment.2.2}% 16
\BOOKMARK [1][-]{experiment.2.3}{The Non-inverting Amplifier}{chapter*.3}% 17
\BOOKMARK [2][-]{subexperiment.2.3.1}{Results}{experiment.2.3}% 18
\BOOKMARK [1][-]{experiment.2.4}{The Current to Voltage Amplifier}{chapter*.3}% 19
\BOOKMARK [2][-]{subexperiment.2.4.1}{Procedure}{experiment.2.4}% 20
\BOOKMARK [2][-]{subexperiment.2.4.2}{Results}{experiment.2.4}% 21
\BOOKMARK [1][-]{experiment.2.5}{The Inverting Amplifier}{chapter*.3}% 22
\BOOKMARK [2][-]{subexperiment.2.5.1}{Procedure}{experiment.2.5}% 23
\BOOKMARK [2][-]{subexperiment.2.5.2}{Results}{experiment.2.5}% 24
\BOOKMARK [1][-]{experiment.2.6}{The Summing Amplifier}{chapter*.3}% 25
\BOOKMARK [2][-]{subexperiment.2.6.1}{Procedure}{experiment.2.6}% 26
\BOOKMARK [2][-]{subexperiment.2.6.2}{Results}{experiment.2.6}% 27
\BOOKMARK [1][-]{experiment.2.7}{The Differential Amplifier}{chapter*.3}% 28
\BOOKMARK [2][-]{subexperiment.2.7.1}{Procedure}{experiment.2.7}% 29
\BOOKMARK [2][-]{subexperiment.2.7.2}{Results}{experiment.2.7}% 30
\BOOKMARK [1][-]{experiment.2.8}{The Schmitt Trigger Comparator}{chapter*.3}% 31
\BOOKMARK [2][-]{subexperiment.2.8.1}{Procedure}{experiment.2.8}% 32
\BOOKMARK [2][-]{subexperiment.2.8.2}{Results}{experiment.2.8}% 33
